<?xml version="1.0" encoding="UTF-8"?>
<testsuite xmlns:xsi="http://www.w3.org/2001/XMLSchema-instance" xsi:noNamespaceSchemaLocation="https://maven.apache.org/surefire/maven-surefire-plugin/xsd/surefire-test-report-3.0.xsd" version="3.0" name="com.food.ordering.system.order.service.test.OrderApplicationServiceTest" time="1.905" tests="4" errors="0" skipped="0" failures="0">
  <properties>
[...]
</properties>
  <testcase name="testCreateOrderWithWrongTotalPrice" classname="com.food.ordering.system.order.service.test.OrderApplicationServiceTest" time="0.093">
    <system-out><![CDATA[
  .   ____          _            __ _ _
 /\\ / ___'_ __ _ _(_)_ __  __ _ \ \ \ \
( ( )\___ | '_ | '_| | '_ \/ _` | \ \ \ \
 \\/  ___)| |_)| | | | | || (_| |  ) ) ) )
  '  |____| .__|_| |_|_| |_\__, | / / / /
 =========|_|==============|___/=/_/_/_/
 :: Spring Boot ::                (v3.1.2)

2023-07-30T16:25:46.017+02:00  INFO 304202 --- [           main] .f.o.s.o.s.t.OrderApplicationServiceTest : Starting OrderApplicationServiceTest using Java 17.0.7 with PID 304202 (started by jfinol02 in /home/jfinol02/Documentos/back/food-ordering-system/order-service/order-domain/order-application-service)
2023-07-30T16:25:46.020+02:00  INFO 304202 --- [           main] .f.o.s.o.s.t.OrderApplicationServiceTest : No active profile set, falling back to 1 default profile: "default"
2023-07-30T16:25:47.380+02:00  INFO 304202 --- [           main] .f.o.s.o.s.t.OrderApplicationServiceTest : Started OrderApplicationServiceTest in 1.555 seconds (process running for 2.04)
]]></system-out>
  </testcase>
  <testcase name="testCreateOrder" classname="com.food.ordering.system.order.service.test.OrderApplicationServiceTest" time="0.007">
    <system-out><![CDATA[2023-07-30T16:25:47.522+02:00  INFO 304202 --- [           main] c.f.o.s.s.domain.OrderDomainServiceImpl  : Order with id: a9ec5707-ac9b-4b4a-939b-cccf8a6a660a is initiate.
2023-07-30T16:25:47.524+02:00  INFO 304202 --- [           main] c.f.o.s.o.s.test.OrderCreateHelper       : The order whit id a9ec5707-ac9b-4b4a-939b-cccf8a6a660a is save.
2023-07-30T16:25:47.524+02:00  INFO 304202 --- [           main] c.f.o.s.o.s.test.OrderCreateHelper       : Order is created with id a9ec5707-ac9b-4b4a-939b-cccf8a6a660a 
2023-07-30T16:25:47.524+02:00  INFO 304202 --- [           main] c.f.o.s.o.s.t.OrderCreateCommandHandler  : Order is created with id a9ec5707-ac9b-4b4a-939b-cccf8a6a660a 
]]></system-out>
  </testcase>
  <testcase name="testCreateOrderWithWrongProductPrice" classname="com.food.ordering.system.order.service.test.OrderApplicationServiceTest" time="0.004"/>
  <testcase name="testCreateOrderWithPassiveRestaurant" classname="com.food.ordering.system.order.service.test.OrderApplicationServiceTest" time="0.004">
    <system-out><![CDATA[2023-07-30T16:25:47.533+02:00  INFO 304202 --- [           main] c.f.o.s.s.domain.OrderDomainServiceImpl  : The restaurant with id d215b5f8-0249-4dc8-98a3-51fd148cfb41 is not active.
]]></system-out>
  </testcase>
</testsuite>